0 verbose cli /data/data/com.termux/files/usr/bin/node /data/data/com.termux/files/usr/bin/npm
1 info using npm@11.5.1
2 info using node@v24.5.0
3 silly config load:file:/data/data/com.termux/files/usr/lib/node_modules/npm/npmrc
4 silly config load:file:/data/data/com.termux/files/home/fotmob/.npmrc
5 silly config load:file:/data/data/com.termux/files/home/.npmrc
6 silly config load:file:/data/data/com.termux/files/usr/etc/npmrc
7 verbose title npm install axios
8 verbose argv "install" "axios"
9 verbose logfile logs-max:10 dir:/data/data/com.termux/files/home/.npm/_logs/2025-08-03T10_24_37_355Z-
10 verbose logfile /data/data/com.termux/files/home/.npm/_logs/2025-08-03T10_24_37_355Z-debug-0.log
11 silly logfile done cleaning log files
12 silly packumentCache heap:1044905984 maxSize:261226496 maxEntrySize:130613248
13 silly idealTree buildDeps
14 silly fetch manifest axios@*
15 silly packumentCache full:https://registry.npmjs.org/axios cache-miss
16 http fetch GET 200 https://registry.npmjs.org/axios 1251ms (cache revalidated)
17 silly packumentCache full:https://registry.npmjs.org/axios set size:676869 disposed:false
18 silly placeDep ROOT axios@1.11.0 OK for: fotmob@1.0.0 want: *
19 silly fetch manifest follow-redirects@^1.15.6
20 silly packumentCache full:https://registry.npmjs.org/follow-redirects cache-miss
21 silly fetch manifest form-data@^4.0.4
22 silly packumentCache full:https://registry.npmjs.org/form-data cache-miss
23 silly fetch manifest proxy-from-env@^1.1.0
24 silly packumentCache full:https://registry.npmjs.org/proxy-from-env cache-miss
25 http fetch GET 200 https://registry.npmjs.org/proxy-from-env 451ms (cache revalidated)
26 silly packumentCache full:https://registry.npmjs.org/proxy-from-env set size:15831 disposed:false
27 http fetch GET 200 https://registry.npmjs.org/form-data 812ms (cache revalidated)
28 silly packumentCache full:https://registry.npmjs.org/form-data set size:137336 disposed:false
29 http fetch GET 200 https://registry.npmjs.org/follow-redirects 1188ms (cache revalidated)
30 silly packumentCache full:https://registry.npmjs.org/follow-redirects set size:186700 disposed:false
31 silly placeDep ROOT follow-redirects@1.15.11 OK for: axios@1.11.0 want: ^1.15.6
32 silly placeDep ROOT form-data@4.0.4 OK for: axios@1.11.0 want: ^4.0.4
33 silly placeDep ROOT proxy-from-env@1.1.0 OK for: axios@1.11.0 want: ^1.1.0
34 silly fetch manifest hasown@^2.0.2
35 silly packumentCache full:https://registry.npmjs.org/hasown cache-miss
36 silly fetch manifest asynckit@^0.4.0
37 silly packumentCache full:https://registry.npmjs.org/asynckit cache-miss
38 silly fetch manifest mime-types@^2.1.12
39 silly packumentCache full:https://registry.npmjs.org/mime-types cache-miss
40 silly fetch manifest combined-stream@^1.0.8
41 silly packumentCache full:https://registry.npmjs.org/combined-stream cache-miss
42 silly fetch manifest es-set-tostringtag@^2.1.0
43 silly packumentCache full:https://registry.npmjs.org/es-set-tostringtag cache-miss
44 http fetch GET 200 https://registry.npmjs.org/asynckit 521ms (cache revalidated)
45 silly packumentCache full:https://registry.npmjs.org/asynckit set size:17357 disposed:false
46 http fetch GET 200 https://registry.npmjs.org/combined-stream 526ms (cache revalidated)
47 silly packumentCache full:https://registry.npmjs.org/combined-stream set size:40337 disposed:false
48 http fetch GET 200 https://registry.npmjs.org/hasown 593ms (cache revalidated)
49 silly packumentCache full:https://registry.npmjs.org/hasown set size:12476 disposed:false
50 http fetch GET 200 https://registry.npmjs.org/es-set-tostringtag 1031ms (cache revalidated)
51 silly packumentCache full:https://registry.npmjs.org/es-set-tostringtag set size:22094 disposed:false
52 http fetch GET 200 https://registry.npmjs.org/mime-types 1046ms (cache revalidated)
53 silly packumentCache full:https://registry.npmjs.org/mime-types set size:136716 disposed:false
54 silly placeDep ROOT asynckit@0.4.0 OK for: form-data@4.0.4 want: ^0.4.0
55 silly placeDep ROOT combined-stream@1.0.8 OK for: form-data@4.0.4 want: ^1.0.8
56 silly placeDep ROOT es-set-tostringtag@2.1.0 OK for: form-data@4.0.4 want: ^2.1.0
57 silly placeDep ROOT hasown@2.0.2 OK for: form-data@4.0.4 want: ^2.0.2
58 silly placeDep ROOT mime-types@2.1.35 OK for: form-data@4.0.4 want: ^2.1.12
59 silly fetch manifest delayed-stream@~1.0.0
60 silly packumentCache full:https://registry.npmjs.org/delayed-stream cache-miss
61 silly fetch manifest es-errors@^1.3.0
62 silly packumentCache full:https://registry.npmjs.org/es-errors cache-miss
63 silly fetch manifest get-intrinsic@^1.2.6
64 silly packumentCache full:https://registry.npmjs.org/get-intrinsic cache-miss
65 silly fetch manifest has-tostringtag@^1.0.2
66 silly packumentCache full:https://registry.npmjs.org/has-tostringtag cache-miss
67 silly fetch manifest function-bind@^1.1.2
68 silly packumentCache full:https://registry.npmjs.org/function-bind cache-miss
69 silly fetch manifest mime-db@1.52.0
70 silly packumentCache full:https://registry.npmjs.org/mime-db cache-miss
71 http fetch GET 200 https://registry.npmjs.org/has-tostringtag 486ms (cache revalidated)
72 silly packumentCache full:https://registry.npmjs.org/has-tostringtag set size:13945 disposed:false
73 http fetch GET 200 https://registry.npmjs.org/delayed-stream 502ms (cache revalidated)
74 silly packumentCache full:https://registry.npmjs.org/delayed-stream set size:15820 disposed:false
75 http fetch GET 200 https://registry.npmjs.org/get-intrinsic 509ms (cache revalidated)
76 silly packumentCache full:https://registry.npmjs.org/get-intrinsic set size:57687 disposed:false
77 http fetch GET 200 https://registry.npmjs.org/function-bind 516ms (cache revalidated)
78 silly packumentCache full:https://registry.npmjs.org/function-bind set size:15733 disposed:false
79 http fetch GET 200 https://registry.npmjs.org/mime-db 523ms (cache revalidated)
80 silly packumentCache full:https://registry.npmjs.org/mime-db set size:164953 disposed:false
81 http fetch GET 200 https://registry.npmjs.org/es-errors 1071ms (cache revalidated)
82 silly packumentCache full:https://registry.npmjs.org/es-errors set size:16918 disposed:false
83 silly placeDep ROOT delayed-stream@1.0.0 OK for: combined-stream@1.0.8 want: ~1.0.0
84 silly placeDep ROOT es-errors@1.3.0 OK for: es-set-tostringtag@2.1.0 want: ^1.3.0
85 silly placeDep ROOT get-intrinsic@1.3.0 OK for: es-set-tostringtag@2.1.0 want: ^1.2.6
86 silly placeDep ROOT has-tostringtag@1.0.2 OK for: es-set-tostringtag@2.1.0 want: ^1.0.2
87 silly fetch manifest call-bind-apply-helpers@^1.0.2
88 silly packumentCache full:https://registry.npmjs.org/call-bind-apply-helpers cache-miss
89 silly fetch manifest es-define-property@^1.0.1
90 silly packumentCache full:https://registry.npmjs.org/es-define-property cache-miss
91 silly fetch manifest es-object-atoms@^1.1.1
92 silly packumentCache full:https://registry.npmjs.org/es-object-atoms cache-miss
93 silly fetch manifest get-proto@^1.0.1
94 silly packumentCache full:https://registry.npmjs.org/get-proto cache-miss
95 silly fetch manifest gopd@^1.2.0
96 silly packumentCache full:https://registry.npmjs.org/gopd cache-miss
97 silly fetch manifest has-symbols@^1.1.0
98 silly packumentCache full:https://registry.npmjs.org/has-symbols cache-miss
99 silly fetch manifest math-intrinsics@^1.1.0
100 silly packumentCache full:https://registry.npmjs.org/math-intrinsics cache-miss
101 http fetch GET 200 https://registry.npmjs.org/call-bind-apply-helpers 526ms (cache revalidated)
102 silly packumentCache full:https://registry.npmjs.org/call-bind-apply-helpers set size:12744 disposed:false
103 silly fetch manifest has-symbols@^1.0.3
104 silly packumentCache full:https://registry.npmjs.org/has-symbols cache-miss
105 http fetch GET 200 https://registry.npmjs.org/get-proto 527ms (cache revalidated)
106 silly packumentCache full:https://registry.npmjs.org/get-proto set size:8300 disposed:false
107 http fetch GET 200 https://registry.npmjs.org/es-define-property 534ms (cache revalidated)
108 silly packumentCache full:https://registry.npmjs.org/es-define-property set size:8542 disposed:false
109 http fetch GET 200 https://registry.npmjs.org/es-object-atoms 535ms (cache revalidated)
110 silly packumentCache full:https://registry.npmjs.org/es-object-atoms set size:15304 disposed:false
111 http fetch GET 200 https://registry.npmjs.org/has-symbols 535ms (cache revalidated)
112 silly packumentCache full:https://registry.npmjs.org/has-symbols set size:21550 disposed:false
113 http cache https://registry.npmjs.org/has-symbols 28ms (cache hit)
114 silly packumentCache full:https://registry.npmjs.org/has-symbols set size:21550 disposed:false
115 silly packumentCache full:https://registry.npmjs.org/has-symbols dispose
116 http fetch GET 200 https://registry.npmjs.org/gopd 555ms (cache revalidated)
117 silly packumentCache full:https://registry.npmjs.org/gopd set size:11458 disposed:false
118 http fetch GET 200 https://registry.npmjs.org/math-intrinsics 957ms (cache revalidated)
119 silly packumentCache full:https://registry.npmjs.org/math-intrinsics set size:9265 disposed:false
120 silly placeDep ROOT call-bind-apply-helpers@1.0.2 OK for: get-intrinsic@1.3.0 want: ^1.0.2
121 silly placeDep ROOT es-define-property@1.0.1 OK for: get-intrinsic@1.3.0 want: ^1.0.1
122 silly placeDep ROOT es-object-atoms@1.1.1 OK for: get-intrinsic@1.3.0 want: ^1.1.1
123 silly placeDep ROOT function-bind@1.1.2 OK for: get-intrinsic@1.3.0 want: ^1.1.2
124 silly placeDep ROOT get-proto@1.0.1 OK for: get-intrinsic@1.3.0 want: ^1.0.1
125 silly placeDep ROOT gopd@1.2.0 OK for: get-intrinsic@1.3.0 want: ^1.2.0
126 silly placeDep ROOT has-symbols@1.1.0 OK for: get-intrinsic@1.3.0 want: ^1.1.0
127 silly placeDep ROOT math-intrinsics@1.1.0 OK for: get-intrinsic@1.3.0 want: ^1.1.0
128 silly fetch manifest dunder-proto@^1.0.1
129 silly packumentCache full:https://registry.npmjs.org/dunder-proto cache-miss
130 http fetch GET 200 https://registry.npmjs.org/dunder-proto 292ms (cache revalidated)
131 silly packumentCache full:https://registry.npmjs.org/dunder-proto set size:8256 disposed:false
132 silly placeDep ROOT dunder-proto@1.0.1 OK for: get-proto@1.0.1 want: ^1.0.1
133 silly placeDep ROOT mime-db@1.52.0 OK for: mime-types@2.1.35 want: 1.52.0
134 silly reify moves {}
135 silly audit bulk request {
135 silly audit   axios: [ '1.11.0' ],
135 silly audit   'follow-redirects': [ '1.15.11' ],
135 silly audit   'form-data': [ '4.0.4' ],
135 silly audit   'proxy-from-env': [ '1.1.0' ],
135 silly audit   asynckit: [ '0.4.0' ],
135 silly audit   'combined-stream': [ '1.0.8' ],
135 silly audit   'es-set-tostringtag': [ '2.1.0' ],
135 silly audit   hasown: [ '2.0.2' ],
135 silly audit   'mime-types': [ '2.1.35' ],
135 silly audit   'delayed-stream': [ '1.0.0' ],
135 silly audit   'es-errors': [ '1.3.0' ],
135 silly audit   'get-intrinsic': [ '1.3.0' ],
135 silly audit   'has-tostringtag': [ '1.0.2' ],
135 silly audit   'call-bind-apply-helpers': [ '1.0.2' ],
135 silly audit   'es-define-property': [ '1.0.1' ],
135 silly audit   'es-object-atoms': [ '1.1.1' ],
135 silly audit   'function-bind': [ '1.1.2' ],
135 silly audit   'get-proto': [ '1.0.1' ],
135 silly audit   gopd: [ '1.2.0' ],
135 silly audit   'has-symbols': [ '1.1.0' ],
135 silly audit   'math-intrinsics': [ '1.1.0' ],
135 silly audit   'dunder-proto': [ '1.0.1' ],
135 silly audit   'mime-db': [ '1.52.0' ]
135 silly audit }
136 http cache mime-db@https://registry.npmjs.org/mime-db/-/mime-db-1.52.0.tgz 0ms (cache hit)
137 http cache dunder-proto@https://registry.npmjs.org/dunder-proto/-/dunder-proto-1.0.1.tgz 0ms (cache hit)
138 http cache math-intrinsics@https://registry.npmjs.org/math-intrinsics/-/math-intrinsics-1.1.0.tgz 0ms (cache hit)
139 http cache has-symbols@https://registry.npmjs.org/has-symbols/-/has-symbols-1.1.0.tgz 1ms (cache hit)
140 http cache gopd@https://registry.npmjs.org/gopd/-/gopd-1.2.0.tgz 0ms (cache hit)
141 http cache get-proto@https://registry.npmjs.org/get-proto/-/get-proto-1.0.1.tgz 0ms (cache hit)
142 http cache function-bind@https://registry.npmjs.org/function-bind/-/function-bind-1.1.2.tgz 0ms (cache hit)
143 http cache es-object-atoms@https://registry.npmjs.org/es-object-atoms/-/es-object-atoms-1.1.1.tgz 0ms (cache hit)
144 http cache es-define-property@https://registry.npmjs.org/es-define-property/-/es-define-property-1.0.1.tgz 0ms (cache hit)
145 http cache call-bind-apply-helpers@https://registry.npmjs.org/call-bind-apply-helpers/-/call-bind-apply-helpers-1.0.2.tgz 0ms (cache hit)
146 http cache has-tostringtag@https://registry.npmjs.org/has-tostringtag/-/has-tostringtag-1.0.2.tgz 0ms (cache hit)
147 http cache get-intrinsic@https://registry.npmjs.org/get-intrinsic/-/get-intrinsic-1.3.0.tgz 0ms (cache hit)
148 http cache es-errors@https://registry.npmjs.org/es-errors/-/es-errors-1.3.0.tgz 0ms (cache hit)
149 http cache delayed-stream@https://registry.npmjs.org/delayed-stream/-/delayed-stream-1.0.0.tgz 0ms (cache hit)
150 http cache mime-types@https://registry.npmjs.org/mime-types/-/mime-types-2.1.35.tgz 0ms (cache hit)
151 http cache hasown@https://registry.npmjs.org/hasown/-/hasown-2.0.2.tgz 0ms (cache hit)
152 http cache es-set-tostringtag@https://registry.npmjs.org/es-set-tostringtag/-/es-set-tostringtag-2.1.0.tgz 0ms (cache hit)
153 http cache combined-stream@https://registry.npmjs.org/combined-stream/-/combined-stream-1.0.8.tgz 0ms (cache hit)
154 http cache asynckit@https://registry.npmjs.org/asynckit/-/asynckit-0.4.0.tgz 0ms (cache hit)
155 http cache proxy-from-env@https://registry.npmjs.org/proxy-from-env/-/proxy-from-env-1.1.0.tgz 0ms (cache hit)
156 http cache form-data@https://registry.npmjs.org/form-data/-/form-data-4.0.4.tgz 0ms (cache hit)
157 http cache follow-redirects@https://registry.npmjs.org/follow-redirects/-/follow-redirects-1.15.11.tgz 0ms (cache hit)
158 http cache axios@https://registry.npmjs.org/axios/-/axios-1.11.0.tgz 0ms (cache hit)
159 http fetch POST 200 https://registry.npmjs.org/-/npm/v1/security/advisories/bulk 1432ms
160 silly audit report {}
161 silly ADD node_modules/mime-db
162 silly ADD node_modules/dunder-proto
163 silly ADD node_modules/math-intrinsics
164 silly ADD node_modules/has-symbols
165 silly ADD node_modules/gopd
166 silly ADD node_modules/get-proto
167 silly ADD node_modules/function-bind
168 silly ADD node_modules/es-object-atoms
169 silly ADD node_modules/es-define-property
170 silly ADD node_modules/call-bind-apply-helpers
171 silly ADD node_modules/has-tostringtag
172 silly ADD node_modules/get-intrinsic
173 silly ADD node_modules/es-errors
174 silly ADD node_modules/delayed-stream
175 silly ADD node_modules/mime-types
176 silly ADD node_modules/hasown
177 silly ADD node_modules/es-set-tostringtag
178 silly ADD node_modules/combined-stream
179 silly ADD node_modules/asynckit
180 silly ADD node_modules/proxy-from-env
181 silly ADD node_modules/form-data
182 silly ADD node_modules/follow-redirects
183 silly ADD node_modules/axios
184 verbose cwd /data/data/com.termux/files/home/fotmob
185 verbose os Linux 5.15.149-android13-8-28783478-abA057FXXU8CYC6
186 verbose node v24.5.0
187 verbose npm  v11.5.1
188 verbose exit 0
189 info ok
